0 info it worked if it ends with ok
1 verbose cli [ 'node', '/usr/local/bin/npm', 'publish' ]
2 info using npm@1.4.14
3 info using node@v0.10.29
4 verbose publish [ '.' ]
5 verbose cache add [ '.', null ]
6 verbose cache add name=undefined spec="." args=[".",null]
7 verbose parsed url { protocol: null,
7 verbose parsed url   slashes: null,
7 verbose parsed url   auth: null,
7 verbose parsed url   host: null,
7 verbose parsed url   port: null,
7 verbose parsed url   hostname: null,
7 verbose parsed url   hash: null,
7 verbose parsed url   search: null,
7 verbose parsed url   query: null,
7 verbose parsed url   pathname: '.',
7 verbose parsed url   path: '.',
7 verbose parsed url   href: '.' }
8 silly lockFile 3a52ce78- .
9 verbose lock . /Users/javier/.npm/3a52ce78-.lock
10 verbose tar pack [ '/Users/javier/.npm/node-zimbra/0.0.1/package.tgz', '.' ]
11 verbose tarball /Users/javier/.npm/node-zimbra/0.0.1/package.tgz
12 verbose folder .
13 info prepublish node-zimbra@0.0.1
14 silly lockFile 1f1177db-tar tar://.
15 verbose lock tar://. /Users/javier/.npm/1f1177db-tar.lock
16 silly lockFile 1ccbe25d-pm-node-zimbra-0-0-1-package-tgz tar:///Users/javier/.npm/node-zimbra/0.0.1/package.tgz
17 verbose lock tar:///Users/javier/.npm/node-zimbra/0.0.1/package.tgz /Users/javier/.npm/1ccbe25d-pm-node-zimbra-0-0-1-package-tgz.lock
18 silly lockFile 1f1177db-tar tar://.
19 silly lockFile 1f1177db-tar tar://.
20 silly lockFile 1ccbe25d-pm-node-zimbra-0-0-1-package-tgz tar:///Users/javier/.npm/node-zimbra/0.0.1/package.tgz
21 silly lockFile 1ccbe25d-pm-node-zimbra-0-0-1-package-tgz tar:///Users/javier/.npm/node-zimbra/0.0.1/package.tgz
22 silly lockFile cfdc68f5-er-npm-node-zimbra-0-0-1-package /Users/javier/.npm/node-zimbra/0.0.1/package
23 verbose lock /Users/javier/.npm/node-zimbra/0.0.1/package /Users/javier/.npm/cfdc68f5-er-npm-node-zimbra-0-0-1-package.lock
24 silly lockFile cfdc68f5-er-npm-node-zimbra-0-0-1-package /Users/javier/.npm/node-zimbra/0.0.1/package
25 silly lockFile cfdc68f5-er-npm-node-zimbra-0-0-1-package /Users/javier/.npm/node-zimbra/0.0.1/package
26 silly lockFile 3a52ce78- .
27 silly lockFile 3a52ce78- .
28 silly publish { name: 'node-zimbra',
28 silly publish   version: '0.0.1',
28 silly publish   description: 'This package is designed to be the simplest way possible to communicate with Zimbra Soap Service',
28 silly publish   main: 'lib/index.js',
28 silly publish   scripts: { test: 'echo "Error: no test specified" && exit 1' },
28 silly publish   keywords: [ 'zimbra', 'soap', 'web', 'service' ],
28 silly publish   author:
28 silly publish    { name: 'Javier Cornejo Alfaro',
28 silly publish      email: 'javier@overit.cl',
28 silly publish      url: 'http://overit.cl' },
28 silly publish   dependencies: { request: '*', js2xmlparser: '*', xml2js: '*' },
28 silly publish   devDependencies: { 'coffee-script': '*' },
28 silly publish   repository:
28 silly publish    { type: 'git',
28 silly publish      url: 'https://github.com/javiercornejo/node-zimbra.git' },
28 silly publish   license: 'MIT',
28 silly publish   engines: { node: '>= 0.10.x' },
28 silly publish   gitHead: 'e765d71466c070cada37eecf2baed2f102ef8ce0',
28 silly publish   bugs: { url: 'https://github.com/javiercornejo/node-zimbra/issues' },
28 silly publish   readme: 'ERROR: No README data found!',
28 silly publish   homepage: 'https://github.com/javiercornejo/node-zimbra',
28 silly publish   _id: 'node-zimbra@0.0.1',
28 silly publish   _shasum: 'a795d62c74bb117c750c0d9c177f179bf982958e',
28 silly publish   _from: '.' }
29 verbose url raw node-zimbra
30 verbose url resolving [ 'https://registry.npmjs.org/', './node-zimbra' ]
31 verbose url resolved https://registry.npmjs.org/node-zimbra
32 info trying registry request attempt 1 at 22:45:30
33 http PUT https://registry.npmjs.org/node-zimbra
34 http 403 https://registry.npmjs.org/node-zimbra
35 verbose headers { date: 'Wed, 16 Jul 2014 02:45:45 GMT',
35 verbose headers   server: 'CouchDB/1.5.0 (Erlang OTP/R14B04)',
35 verbose headers   'content-type': 'application/json',
35 verbose headers   'cache-control': 'max-age=30',
35 verbose headers   'content-length': '2779',
35 verbose headers   'accept-ranges': 'bytes',
35 verbose headers   via: '1.1 varnish',
35 verbose headers   'x-served-by': 'cache-jfk1021-JFK',
35 verbose headers   'x-cache': 'MISS',
35 verbose headers   'x-cache-hits': '0',
35 verbose headers   'x-timer': 'S1405478745.362240,VS0,VE351',
35 verbose headers   'keep-alive': 'timeout=10, max=50',
35 verbose headers   connection: 'Keep-Alive' }
36 error publish Failed PUT 403
37 error Error: forbidden cannot modify pre-existing version: 0.0.1
37 error old={"name":"node-zimbra","version":"0.0.1","description":"This package is designed to be the simplest way possible to communicate with Zimbra Soap Service","main":"lib/index.js","scripts":{"test":"echo \"Error: no test specified\" && exit 1"},"keywords":["zimbra","soap","web","service"],"author":{"name":"Javier Cornejo Alfaro","email":"javier@overit.cl","url":"http://overit.cl"},"dependencies":{"request":"*","js2xmlparser":"*","xml2js":"*"},"devDependencies":{"coffee-script":"*"},"repository":{"type":"git","url":"https://github.com/javiercornejo/node-zimbra.git"},"license":"ISC","engines":{"node":">= 0.10.x"},"gitHead":"21d40d59f27e4b105e5111ae097fb891c1582c41","bugs":{"url":"https://github.com/javiercornejo/node-zimbra/issues"},"homepage":"https://github.com/javiercornejo/node-zimbra","_id":"node-zimbra@0.0.1","_shasum":"5a707fb8c2b67f6f9fddb71e1cbe2c37dfd18a11","_from":".","_npmVersion":"1.4.14","_npmUser":{"name":"javiercornejo","email":"javier@overit.cl"},"maintainers":[{"name":"javiercornejo","email":"javier@overit.cl"}],"dist":{"shasum":"5a707fb8c2b67f6f9fddb71e1cbe2c37dfd18a11","tarball":"http://registry.npmjs.org/node-zimbra/-/node-zimbra-0.0.1.tgz"}}
37 error new={"name":"node-zimbra","version":"0.0.1","description":"This package is designed to be the simplest way possible to communicate with Zimbra Soap Service","main":"lib/index.js","scripts":{"test":"echo \"Error: no test specified\" && exit 1"},"keywords":["zimbra","soap","web","service"],"author":{"name":"Javier Cornejo Alfaro","email":"javier@overit.cl","url":"http://overit.cl"},"dependencies":{"request":"*","js2xmlparser":"*","xml2js":"*"},"devDependencies":{"coffee-script":"*"},"repository":{"type":"git","url":"https://github.com/javiercornejo/node-zimbra.git"},"license":"MIT","engines":{"node":">= 0.10.x"},"gitHead":"e765d71466c070cada37eecf2baed2f102ef8ce0","bugs":{"url":"https://github.com/javiercornejo/node-zimbra/issues"},"readme":"ERROR: No README data found!","homepage":"https://github.com/javiercornejo/node-zimbra","_id":"node-zimbra@0.0.1","_shasum":"a795d62c74bb117c750c0d9c177f179bf982958e","_from":".","_npmVersion":"1.4.14","_npmUser":{"name":"javiercornejo","email":"javier@overit.cl"},"maintainers":[{"name":"javiercornejo","email":"javier@overit.cl"}],"dist":{"shasum":"a795d62c74bb117c750c0d9c177f179bf982958e","tarball":"http://registry.npmjs.org/node-zimbra/-/node-zimbra-0.0.1.tgz"}}: node-zimbra
37 error     at RegClient.<anonymous> (/usr/local/lib/node_modules/npm/node_modules/npm-registry-client/lib/request.js:274:14)
37 error     at Request._callback (/usr/local/lib/node_modules/npm/node_modules/npm-registry-client/lib/request.js:212:65)
37 error     at Request.self.callback (/usr/local/lib/node_modules/npm/node_modules/request/request.js:123:22)
37 error     at Request.emit (events.js:98:17)
37 error     at Request.<anonymous> (/usr/local/lib/node_modules/npm/node_modules/request/request.js:893:14)
37 error     at Request.emit (events.js:117:20)
37 error     at IncomingMessage.<anonymous> (/usr/local/lib/node_modules/npm/node_modules/request/request.js:844:12)
37 error     at IncomingMessage.emit (events.js:117:20)
37 error     at _stream_readable.js:929:16
37 error     at process._tickCallback (node.js:419:13)
38 error If you need help, you may report this *entire* log,
38 error including the npm and node versions, at:
38 error     <http://github.com/npm/npm/issues>
39 error System Darwin 13.2.0
40 error command "node" "/usr/local/bin/npm" "publish"
41 error cwd /Users/javier/Development/node-zimbra-soap
42 error node -v v0.10.29
43 error npm -v 1.4.14
44 verbose exit [ 1, true ]
